  Zad1.cpp
C:\Users\Korisnik\OneDrive\Radna površina\OBJEKTNO PROGRAMIRNAJE VJEŽBE\Vježba3\Zad1\Vector.h(8,6): error C2182: 'input': illegal use of type 'void'
C:\Users\Korisnik\OneDrive\Radna površina\OBJEKTNO PROGRAMIRNAJE VJEŽBE\Vježba3\Zad1\Vector.h(8,12): error C2065: 'vector': undeclared identifier
C:\Users\Korisnik\OneDrive\Radna površina\OBJEKTNO PROGRAMIRNAJE VJEŽBE\Vježba3\Zad1\Vector.h(8,19): error C2062: type 'int' unexpected
C:\Users\Korisnik\OneDrive\Radna površina\OBJEKTNO PROGRAMIRNAJE VJEŽBE\Vježba3\Zad1\Vector.h(9,6): error C2182: 'border': illegal use of type 'void'
C:\Users\Korisnik\OneDrive\Radna površina\OBJEKTNO PROGRAMIRNAJE VJEŽBE\Vježba3\Zad1\Vector.h(9,13): error C2065: 'vector': undeclared identifier
C:\Users\Korisnik\OneDrive\Radna površina\OBJEKTNO PROGRAMIRNAJE VJEŽBE\Vježba3\Zad1\Vector.h(9,20): error C2062: type 'int' unexpected
C:\Users\Korisnik\OneDrive\Radna površina\OBJEKTNO PROGRAMIRNAJE VJEŽBE\Vježba3\Zad1\Vector.h(10,6): error C2182: 'print': illegal use of type 'void'
C:\Users\Korisnik\OneDrive\Radna površina\OBJEKTNO PROGRAMIRNAJE VJEŽBE\Vježba3\Zad1\Vector.h(10,12): error C2065: 'vector': undeclared identifier
C:\Users\Korisnik\OneDrive\Radna površina\OBJEKTNO PROGRAMIRNAJE VJEŽBE\Vježba3\Zad1\Vector.h(10,19): error C2062: type 'int' unexpected
C:\Users\Korisnik\OneDrive\Radna površina\OBJEKTNO PROGRAMIRNAJE VJEŽBE\Vježba3\Zad1\Zad1.cpp(10,6): error C2365: 'input': redefinition; previous definition was 'data variable'
C:\Users\Korisnik\OneDrive\Radna površina\OBJEKTNO PROGRAMIRNAJE VJEŽBE\Vježba3\Zad1\Vector.h(8): message : see declaration of 'input'
C:\Users\Korisnik\OneDrive\Radna površina\OBJEKTNO PROGRAMIRNAJE VJEŽBE\Vježba3\Zad1\Zad1.cpp(22,6): error C2365: 'border': redefinition; previous definition was 'data variable'
C:\Users\Korisnik\OneDrive\Radna površina\OBJEKTNO PROGRAMIRNAJE VJEŽBE\Vježba3\Zad1\Vector.h(9): message : see declaration of 'border'
C:\Users\Korisnik\OneDrive\Radna površina\OBJEKTNO PROGRAMIRNAJE VJEŽBE\Vježba3\Zad1\Zad1.cpp(39,6): error C2365: 'print': redefinition; previous definition was 'data variable'
C:\Users\Korisnik\OneDrive\Radna površina\OBJEKTNO PROGRAMIRNAJE VJEŽBE\Vježba3\Zad1\Vector.h(10): message : see declaration of 'print'
C:\Users\Korisnik\OneDrive\Radna površina\OBJEKTNO PROGRAMIRNAJE VJEŽBE\Vježba3\Zad1\Zad1.cpp(42,6): error C2365: 'print': redefinition; previous definition was 'data variable'
C:\Users\Korisnik\OneDrive\Radna površina\OBJEKTNO PROGRAMIRNAJE VJEŽBE\Vježba3\Zad1\Vector.h(10): message : see declaration of 'print'
C:\Users\Korisnik\OneDrive\Radna površina\OBJEKTNO PROGRAMIRNAJE VJEŽBE\Vježba3\Zad1\Zad1.cpp(44,7): error C2065: 'it': undeclared identifier
C:\Users\Korisnik\OneDrive\Radna površina\OBJEKTNO PROGRAMIRNAJE VJEŽBE\Vježba3\Zad1\Zad1.cpp(44,10): error C2146: syntax error: missing ';' before identifier 'i'
C:\Users\Korisnik\OneDrive\Radna površina\OBJEKTNO PROGRAMIRNAJE VJEŽBE\Vježba3\Zad1\Zad1.cpp(44,12): error C2143: syntax error: missing ';' before '='
C:\Users\Korisnik\OneDrive\Radna površina\OBJEKTNO PROGRAMIRNAJE VJEŽBE\Vježba3\Zad1\Zad1.cpp(44,12): error C2143: syntax error: missing ')' before '='
C:\Users\Korisnik\OneDrive\Radna površina\OBJEKTNO PROGRAMIRNAJE VJEŽBE\Vježba3\Zad1\Zad1.cpp(44,12): error C2059: syntax error: '='
C:\Users\Korisnik\OneDrive\Radna površina\OBJEKTNO PROGRAMIRNAJE VJEŽBE\Vježba3\Zad1\Zad1.cpp(44,27): error C2065: 'i': undeclared identifier
C:\Users\Korisnik\OneDrive\Radna površina\OBJEKTNO PROGRAMIRNAJE VJEŽBE\Vježba3\Zad1\Zad1.cpp(44,43): error C2065: 'i': undeclared identifier
C:\Users\Korisnik\OneDrive\Radna površina\OBJEKTNO PROGRAMIRNAJE VJEŽBE\Vježba3\Zad1\Zad1.cpp(44,46): error C2059: syntax error: ')'
C:\Users\Korisnik\OneDrive\Radna površina\OBJEKTNO PROGRAMIRNAJE VJEŽBE\Vježba3\Zad1\Zad1.cpp(45,12): error C2065: 'i': undeclared identifier
C:\Users\Korisnik\OneDrive\Radna površina\OBJEKTNO PROGRAMIRNAJE VJEŽBE\Vježba3\Zad1\Zad1.cpp(45,20): error C2059: syntax error: ';'
C:\Users\Korisnik\OneDrive\Radna površina\OBJEKTNO PROGRAMIRNAJE VJEŽBE\Vježba3\Zad1\Zad1.cpp(47,7): error C2143: syntax error: missing ';' before '<<'
C:\Users\Korisnik\OneDrive\Radna površina\OBJEKTNO PROGRAMIRNAJE VJEŽBE\Vježba3\Zad1\Zad1.cpp(47,7): error C4430: missing type specifier - int assumed. Note: C++ does not support default-int
C:\Users\Korisnik\OneDrive\Radna površina\OBJEKTNO PROGRAMIRNAJE VJEŽBE\Vježba3\Zad1\Zad1.cpp(48,1): error C2059: syntax error: '}'
C:\Users\Korisnik\OneDrive\Radna površina\OBJEKTNO PROGRAMIRNAJE VJEŽBE\Vježba3\Zad1\Zad1.cpp(48,1): error C2143: syntax error: missing ';' before '}'
C:\Users\Korisnik\OneDrive\Radna površina\OBJEKTNO PROGRAMIRNAJE VJEŽBE\Vježba3\Zad1\Zad1.cpp(56,2): error C2143: syntax error: missing ';' before '{'
C:\Users\Korisnik\OneDrive\Radna površina\OBJEKTNO PROGRAMIRNAJE VJEŽBE\Vježba3\Zad1\Zad1.cpp(56,2): error C2447: '{': missing function header (old-style formal list?)
